<?xml version="1.0" encoding="UTF-8"?>
<testng-results skipped="0" failed="0" ignored="0" total="0" passed="0">
  <reporter-output>
  </reporter-output>
  <suite name="Regression Suite" duration-ms="14" started-at="2019-06-24T13:11:25Z" finished-at="2019-06-24T13:11:25Z">
    <groups>
    </groups>
    <test name="Run 1" duration-ms="14" started-at="2019-06-24T13:11:25Z" finished-at="2019-06-24T13:11:25Z">
    </test> <!-- Run 1 -->
  </suite> <!-- Regression Suite -->
</testng-results>
